{"level":"\u001b[32minfo\u001b[39m","message":"{\"method\":\"POST\",\"url\":\"/register\",\"status\":\"200\",\"responseTime\":\"265.990\"}","timestamp":"2025-03-19T16:59:39.336Z"}
{"level":"\u001b[32minfo\u001b[39m","message":"{\"method\":\"POST\",\"url\":\"/register\",\"status\":\"400\",\"responseTime\":\"69.027\"}","timestamp":"2025-03-19T17:01:20.913Z"}
{"level":"\u001b[32minfo\u001b[39m","message":"{\"method\":\"POST\",\"url\":\"/login\",\"status\":\"200\",\"responseTime\":\"196.374\"}","timestamp":"2025-03-19T17:16:26.925Z"}
{"level":"\u001b[32minfo\u001b[39m","message":"{\"method\":\"POST\",\"url\":\"/login\",\"status\":\"200\",\"responseTime\":\"310.732\"}","timestamp":"2025-03-19T17:39:34.847Z"}
{"level":"\u001b[32minfo\u001b[39m","message":"{\"method\":\"GET\",\"url\":\"/userdetails\",\"status\":\"403\",\"responseTime\":\"6.899\"}","timestamp":"2025-03-19T17:45:28.482Z"}
{"level":"\u001b[32minfo\u001b[39m","message":"{\"method\":\"GET\",\"url\":\"/userdetails\",\"status\":\"403\",\"responseTime\":\"2.567\"}","timestamp":"2025-03-19T17:45:41.001Z"}
{"level":"\u001b[32minfo\u001b[39m","message":"{\"method\":\"GET\",\"url\":\"/userdetails\",\"status\":\"403\",\"responseTime\":\"1.364\"}","timestamp":"2025-03-19T17:46:06.470Z"}
{"level":"\u001b[32minfo\u001b[39m","message":"{\"method\":\"GET\",\"url\":\"/userdetails\",\"status\":\"403\",\"responseTime\":\"1.009\"}","timestamp":"2025-03-19T17:46:14.558Z"}
{"level":"\u001b[32minfo\u001b[39m","message":"{\"method\":\"POST\",\"url\":\"/login\",\"status\":\"200\",\"responseTime\":\"195.798\"}","timestamp":"2025-03-19T17:46:39.416Z"}
{"level":"\u001b[32minfo\u001b[39m","message":"{\"method\":\"GET\",\"url\":\"/userdetails\",\"status\":\"403\",\"responseTime\":\"0.943\"}","timestamp":"2025-03-19T17:46:39.481Z"}
{"level":"\u001b[32minfo\u001b[39m","message":"{\"method\":\"POST\",\"url\":\"/login\",\"status\":\"400\",\"responseTime\":\"151.824\"}","timestamp":"2025-03-19T17:48:02.199Z"}
{"level":"\u001b[32minfo\u001b[39m","message":"{\"method\":\"POST\",\"url\":\"/login\",\"status\":\"200\",\"responseTime\":\"159.963\"}","timestamp":"2025-03-19T17:48:27.485Z"}
{"level":"\u001b[32minfo\u001b[39m","message":"{\"method\":\"GET\",\"url\":\"/userdetails\",\"status\":\"403\",\"responseTime\":\"1.337\"}","timestamp":"2025-03-19T17:48:27.564Z"}
{"level":"\u001b[32minfo\u001b[39m","message":"{\"method\":\"GET\",\"url\":\"/userdetails\",\"status\":\"403\",\"responseTime\":\"45.972\"}","timestamp":"2025-03-19T17:50:28.325Z"}
{"level":"\u001b[32minfo\u001b[39m","message":"{\"method\":\"POST\",\"url\":\"/login\",\"status\":\"400\",\"responseTime\":\"167.030\"}","timestamp":"2025-03-19T17:50:44.200Z"}
{"level":"\u001b[32minfo\u001b[39m","message":"{\"method\":\"POST\",\"url\":\"/login\",\"status\":\"400\",\"responseTime\":\"154.713\"}","timestamp":"2025-03-19T17:50:44.352Z"}
{"level":"\u001b[32minfo\u001b[39m","message":"{\"method\":\"POST\",\"url\":\"/login\",\"status\":\"200\",\"responseTime\":\"154.439\"}","timestamp":"2025-03-19T17:50:49.463Z"}
{"level":"\u001b[32minfo\u001b[39m","message":"{\"method\":\"POST\",\"url\":\"/login\",\"status\":\"200\",\"responseTime\":\"158.198\"}","timestamp":"2025-03-19T17:53:53.153Z"}
{"level":"\u001b[32minfo\u001b[39m","message":"{\"method\":\"GET\",\"url\":\"/userdetails\",\"status\":\"403\",\"responseTime\":\"10.562\"}","timestamp":"2025-03-19T17:53:53.230Z"}
{"level":"\u001b[32minfo\u001b[39m","message":"{\"method\":\"GET\",\"url\":\"/userdetails\",\"status\":\"403\",\"responseTime\":\"1.268\"}","timestamp":"2025-03-19T17:56:32.710Z"}
{"level":"\u001b[32minfo\u001b[39m","message":"{\"method\":\"GET\",\"url\":\"/userdetails\",\"status\":\"200\",\"responseTime\":\"131.919\"}","timestamp":"2025-03-19T17:56:35.777Z"}
{"level":"\u001b[32minfo\u001b[39m","message":"{\"method\":\"POST\",\"url\":\"/login\",\"status\":\"200\",\"responseTime\":\"154.966\"}","timestamp":"2025-03-19T17:56:58.295Z"}
{"level":"\u001b[32minfo\u001b[39m","message":"{\"method\":\"GET\",\"url\":\"/userdetails\",\"status\":\"304\",\"responseTime\":\"108.391\"}","timestamp":"2025-03-19T17:56:58.484Z"}
{"level":"\u001b[32minfo\u001b[39m","message":"{\"method\":\"GET\",\"url\":\"/userdetails\",\"status\":\"304\",\"responseTime\":\"120.822\"}","timestamp":"2025-03-19T18:00:11.568Z"}
{"level":"\u001b[32minfo\u001b[39m","message":"{\"method\":\"GET\",\"url\":\"/userdetails\",\"status\":\"304\",\"responseTime\":\"88.629\"}","timestamp":"2025-03-19T18:00:33.033Z"}
{"level":"\u001b[32minfo\u001b[39m","message":"{\"method\":\"GET\",\"url\":\"/userdetails\",\"status\":\"304\",\"responseTime\":\"91.981\"}","timestamp":"2025-03-19T18:00:44.731Z"}
{"level":"\u001b[32minfo\u001b[39m","message":"{\"method\":\"GET\",\"url\":\"/userdetails\",\"status\":\"304\",\"responseTime\":\"96.266\"}","timestamp":"2025-03-19T18:01:05.865Z"}
{"level":"\u001b[32minfo\u001b[39m","message":"{\"method\":\"GET\",\"url\":\"/userdetails\",\"status\":\"304\",\"responseTime\":\"103.040\"}","timestamp":"2025-03-19T18:01:10.581Z"}
{"level":"\u001b[32minfo\u001b[39m","message":"{\"method\":\"GET\",\"url\":\"/userdetails\",\"status\":\"304\",\"responseTime\":\"94.571\"}","timestamp":"2025-03-19T18:01:23.105Z"}
{"level":"\u001b[32minfo\u001b[39m","message":"{\"method\":\"GET\",\"url\":\"/userdetails\",\"status\":\"304\",\"responseTime\":\"102.637\"}","timestamp":"2025-03-19T18:01:55.056Z"}
{"level":"\u001b[32minfo\u001b[39m","message":"{\"method\":\"GET\",\"url\":\"/userdetails\",\"status\":\"304\",\"responseTime\":\"98.531\"}","timestamp":"2025-03-19T18:01:59.062Z"}
{"level":"\u001b[32minfo\u001b[39m","message":"{\"method\":\"GET\",\"url\":\"/userdetails\",\"status\":\"304\",\"responseTime\":\"83.950\"}","timestamp":"2025-03-19T18:02:16.015Z"}
{"level":"\u001b[32minfo\u001b[39m","message":"{\"method\":\"GET\",\"url\":\"/userdetails\",\"status\":\"304\",\"responseTime\":\"90.650\"}","timestamp":"2025-03-19T18:02:18.344Z"}
{"level":"\u001b[32minfo\u001b[39m","message":"{\"method\":\"GET\",\"url\":\"/userdetails\",\"status\":\"304\",\"responseTime\":\"89.126\"}","timestamp":"2025-03-19T18:02:22.130Z"}
{"level":"\u001b[32minfo\u001b[39m","message":"{\"method\":\"GET\",\"url\":\"/userdetails\",\"status\":\"304\",\"responseTime\":\"106.273\"}","timestamp":"2025-03-19T18:02:26.176Z"}
{"level":"\u001b[32minfo\u001b[39m","message":"{\"method\":\"GET\",\"url\":\"/userdetails\",\"status\":\"304\",\"responseTime\":\"93.288\"}","timestamp":"2025-03-19T18:02:31.279Z"}
{"level":"\u001b[32minfo\u001b[39m","message":"{\"method\":\"GET\",\"url\":\"/userdetails\",\"status\":\"304\",\"responseTime\":\"84.212\"}","timestamp":"2025-03-19T18:02:35.094Z"}
{"level":"\u001b[32minfo\u001b[39m","message":"{\"method\":\"GET\",\"url\":\"/userdetails\",\"status\":\"304\",\"responseTime\":\"91.722\"}","timestamp":"2025-03-19T18:02:40.344Z"}
{"level":"\u001b[32minfo\u001b[39m","message":"{\"method\":\"GET\",\"url\":\"/userdetails\",\"status\":\"304\",\"responseTime\":\"87.890\"}","timestamp":"2025-03-19T18:02:43.575Z"}
{"level":"\u001b[32minfo\u001b[39m","message":"{\"method\":\"GET\",\"url\":\"/userdetails\",\"status\":\"304\",\"responseTime\":\"94.642\"}","timestamp":"2025-03-19T18:02:52.451Z"}
{"level":"\u001b[32minfo\u001b[39m","message":"{\"method\":\"GET\",\"url\":\"/userdetails\",\"status\":\"304\",\"responseTime\":\"95.811\"}","timestamp":"2025-03-19T18:02:55.750Z"}
{"level":"\u001b[32minfo\u001b[39m","message":"{\"method\":\"GET\",\"url\":\"/userdetails\",\"status\":\"304\",\"responseTime\":\"85.752\"}","timestamp":"2025-03-19T18:07:52.445Z"}
{"level":"\u001b[32minfo\u001b[39m","message":"{\"method\":\"GET\",\"url\":\"/userdetails\",\"status\":\"304\",\"responseTime\":\"83.472\"}","timestamp":"2025-03-19T18:07:52.531Z"}
{"level":"\u001b[32minfo\u001b[39m","message":"{\"method\":\"POST\",\"url\":\"/generatepresigned\",\"status\":\"200\",\"responseTime\":\"23.691\"}","timestamp":"2025-03-19T18:14:56.301Z"}
{"level":"\u001b[32minfo\u001b[39m","message":"{\"method\":\"PUT\",\"url\":\"/upateImage\",\"status\":\"200\",\"responseTime\":\"135.211\"}","timestamp":"2025-03-19T18:14:56.834Z"}
{"level":"\u001b[32minfo\u001b[39m","message":"{\"method\":\"PUT\",\"url\":\"/updatename\",\"status\":\"200\",\"responseTime\":\"99.210\"}","timestamp":"2025-03-19T18:15:09.785Z"}
{"level":"\u001b[32minfo\u001b[39m","message":"{\"method\":\"GET\",\"url\":\"/userdetails\",\"status\":\"200\",\"responseTime\":\"109.007\"}","timestamp":"2025-03-19T18:15:18.747Z"}
{"level":"\u001b[32minfo\u001b[39m","message":"{\"method\":\"GET\",\"url\":\"/userdetails\",\"status\":\"304\",\"responseTime\":\"96.568\"}","timestamp":"2025-03-19T18:15:18.847Z"}
{"level":"\u001b[32minfo\u001b[39m","message":"{\"method\":\"POST\",\"url\":\"/generatepresigned\",\"status\":\"200\",\"responseTime\":\"5.058\"}","timestamp":"2025-03-19T18:15:31.755Z"}
{"level":"\u001b[32minfo\u001b[39m","message":"{\"method\":\"PUT\",\"url\":\"/upateImage\",\"status\":\"200\",\"responseTime\":\"124.816\"}","timestamp":"2025-03-19T18:15:32.251Z"}
{"level":"\u001b[32minfo\u001b[39m","message":"{\"method\":\"PUT\",\"url\":\"/updatename\",\"status\":\"200\",\"responseTime\":\"96.011\"}","timestamp":"2025-03-19T18:15:41.965Z"}
{"level":"\u001b[32minfo\u001b[39m","message":"{\"method\":\"GET\",\"url\":\"/userdetails\",\"status\":\"200\",\"responseTime\":\"99.634\"}","timestamp":"2025-03-19T18:15:47.486Z"}
{"level":"\u001b[32minfo\u001b[39m","message":"{\"method\":\"GET\",\"url\":\"/userdetails\",\"status\":\"304\",\"responseTime\":\"102.263\"}","timestamp":"2025-03-19T18:15:47.598Z"}
